android/app/build/intermediates/manifest_merge_blame_file/debug/manifest-merger-blame-debug-report.txt
1<?xml version="1.0" encoding="utf-8"?>
2<!-- suppress ALL -->
3<manifest xmlns:android="http://schemas.android.com/apk/res/android"
4    package="com.reactnativeapp"
5    android:versionCode="1"
6    android:versionName="1.0" >
7
8    <uses-sdk
9        android:minSdkVersion="21"
9-->src/main/AndroidManifest.xml
10        android:targetSdkVersion="32" />
10-->src/main/AndroidManifest.xml
11
12    <uses-permission android:name="android.permission.INTERNET" />
12-->src/main/AndroidManifest.xml:5:5-67
12-->src/main/AndroidManifest.xml:5:22-64
13    <uses-permission android:name="android.permission.ACCESS_WIFI_STATE" />
13-->[com.facebook.flipper:flipper:0.153.0] AndroidManifest.xml:16:5-76
13-->[com.facebook.flipper:flipper:0.153.0] AndroidManifest.xml:16:22-73
14
15    <permission
15-->[androidx.core:core:1.9.0-alpha05] AndroidManifest.xml:23:5-25:47
16        android:name="com.reactnativeapp.DYNAMIC_RECEIVER_NOT_EXPORTED_PERMISSION"
16-->[androidx.core:core:1.9.0-alpha05] AndroidManifest.xml:24:9-81
17        android:protectionLevel="signature" />
17-->[androidx.core:core:1.9.0-alpha05] AndroidManifest.xml:25:9-44
18
19    <uses-permission android:name="com.reactnativeapp.DYNAMIC_RECEIVER_NOT_EXPORTED_PERMISSION" />
19-->[androidx.core:core:1.9.0-alpha05] AndroidManifest.xml:27:5-97
19-->[androidx.core:core:1.9.0-alpha05] AndroidManifest.xml:27:22-94
20
21    <application
21-->src/main/AndroidManifest.xml:7:5-27:19
22        android:name="com.reactnativeapp.MainApplication"
22-->src/main/AndroidManifest.xml:8:7-38
23        android:allowBackup="false"
23-->src/main/AndroidManifest.xml:12:7-34
24        android:appComponentFactory="androidx.core.app.CoreComponentFactory"
24-->[androidx.core:core:1.9.0-alpha05] AndroidManifest.xml:29:18-86
25        android:debuggable="true"
26        android:icon="@mipmap/ic_launcher"
26-->src/main/AndroidManifest.xml:10:7-41
27        android:label="@string/app_name"
27-->src/main/AndroidManifest.xml:9:7-39
28        android:roundIcon="@mipmap/ic_launcher_round"
28-->src/main/AndroidManifest.xml:11:7-52
29        android:theme="@style/AppTheme"
29-->src/main/AndroidManifest.xml:13:7-38
30        android:usesCleartextTraffic="true" >
30-->src/main/AndroidManifest.xml:14:7-42
31        <activity
31-->src/main/AndroidManifest.xml:15:7-26:18
32            android:name="com.reactnativeapp.MainActivity"
32-->src/main/AndroidManifest.xml:16:9-37
33            android:configChanges="keyboard|keyboardHidden|orientation|screenLayout|screenSize|smallestScreenSize|uiMode"
33-->src/main/AndroidManifest.xml:18:9-118
34            android:exported="true"
34-->src/main/AndroidManifest.xml:21:9-32
35            android:label="@string/app_name"
35-->src/main/AndroidManifest.xml:17:9-41
36            android:launchMode="singleTask"
36-->src/main/AndroidManifest.xml:19:9-40
37            android:windowSoftInputMode="adjustResize" >
37-->src/main/AndroidManifest.xml:20:9-51
38            <intent-filter>
38-->src/main/AndroidManifest.xml:22:9-25:25
39                <action android:name="android.intent.action.MAIN" />
39-->src/main/AndroidManifest.xml:23:13-65
39-->src/main/AndroidManifest.xml:23:21-62
40
41                <category android:name="android.intent.category.LAUNCHER" />
41-->src/main/AndroidManifest.xml:24:13-73
41-->src/main/AndroidManifest.xml:24:23-70
42            </intent-filter>
43        </activity>
44
45        <provider
45-->[androidx.emoji2:emoji2:1.2.0-alpha04] AndroidManifest.xml:26:9-34:20
46            android:name="androidx.startup.InitializationProvider"
46-->[androidx.emoji2:emoji2:1.2.0-alpha04] AndroidManifest.xml:27:13-67
47            android:authorities="com.reactnativeapp.androidx-startup"
47-->[androidx.emoji2:emoji2:1.2.0-alpha04] AndroidManifest.xml:28:13-68
48            android:exported="false" >
48-->[androidx.emoji2:emoji2:1.2.0-alpha04] AndroidManifest.xml:29:13-37
49            <meta-data
49-->[androidx.emoji2:emoji2:1.2.0-alpha04] AndroidManifest.xml:31:13-33:52
50                android:name="androidx.emoji2.text.EmojiCompatInitializer"
50-->[androidx.emoji2:emoji2:1.2.0-alpha04] AndroidManifest.xml:32:17-75
51                android:value="androidx.startup" />
51-->[androidx.emoji2:emoji2:1.2.0-alpha04] AndroidManifest.xml:33:17-49
52            <meta-data
52-->[androidx.lifecycle:lifecycle-process:2.4.1] AndroidManifest.xml:31:13-33:52
53                android:name="androidx.lifecycle.ProcessLifecycleInitializer"
53-->[androidx.lifecycle:lifecycle-process:2.4.1] AndroidManifest.xml:32:17-78
54                android:value="androidx.startup" />
54-->[androidx.lifecycle:lifecycle-process:2.4.1] AndroidManifest.xml:33:17-49
55        </provider>
56    </application>
57
58</manifest>